<?xml version="1.0" encoding="UTF-8"?>
<testng-results skipped="0" failed="0" ignored="0" total="3" passed="3">
  <reporter-output>
  </reporter-output>
  <suite name="Default suite" duration-ms="203" started-at="2022-06-16T04:20:13Z" finished-at="2022-06-16T04:20:13Z">
    <groups>
    </groups>
    <test name="Default test" duration-ms="203" started-at="2022-06-16T04:20:13Z" finished-at="2022-06-16T04:20:13Z">
      <class name="org.test.A">
        <test-method status="PASS" signature="test1()[pri:0, instance:org.test.A@685cb137]" name="test1" duration-ms="31" started-at="2022-06-16T04:20:13Z" finished-at="2022-06-16T04:20:13Z">
          <reporter-output>
          </reporter-output>
        </test-method> <!-- test1 -->
        <test-method status="PASS" signature="test2()[pri:0, instance:org.test.A@685cb137]" name="test2" duration-ms="16" started-at="2022-06-16T04:20:13Z" finished-at="2022-06-16T04:20:13Z">
          <reporter-output>
          </reporter-output>
        </test-method> <!-- test2 -->
        <test-method status="PASS" signature="test3()[pri:1, instance:org.test.A@685cb137]" name="test3" duration-ms="15" started-at="2022-06-16T04:20:13Z" finished-at="2022-06-16T04:20:13Z">
          <reporter-output>
          </reporter-output>
        </test-method> <!-- test3 -->
      </class> <!-- org.test.A -->
    </test> <!-- Default test -->
  </suite> <!-- Default suite -->
</testng-results>
